2026-05-24 06:11:15,297 - scheduler_agent - INFO - [Backend] Found 1 due messages to process.
2026-05-24 06:11:15,297 - scheduler_agent - INFO - [Backend] Attempting to send message 1 to @testuser (Retry: 0).
2026-05-24 06:11:15,297 - scheduler_agent - INFO - [Backend] Successfully sent message 1 to @testuser.
2026-05-24 06:11:15,299 - scheduler_agent - INFO - [Backend] Found 1 due messages to process.
2026-05-24 06:11:15,299 - scheduler_agent - INFO - [Backend] Attempting to send message 2 to @failuser (Retry: 0).
2026-05-24 06:11:15,301 - scheduler_agent - INFO - [Backend] Found 1 due messages to process.
2026-05-24 06:11:15,301 - scheduler_agent - INFO - [Backend] Attempting to send message 3 to @maxuser (Retry: 2).
2026-05-24 06:11:15,302 - scheduler_agent - INFO - [Backend] Scheduler started. Checking every 60 seconds.
2026-05-24 06:11:15,303 - scheduler_agent - INFO - [Backend] Scheduler shut down.
2026-05-24 06:11:15,305 - telegram_tool - INFO - Successfully sent message to test_user
2026-05-24 06:45:47,029 - scheduler_agent - INFO - [Backend] Found 1 due messages to process.
2026-05-24 06:45:47,030 - scheduler_agent - INFO - [Backend] Attempting to send message 1 to @testuser (Retry: 0).
2026-05-24 06:45:47,030 - scheduler_agent - INFO - [Backend] Successfully sent message 1 to @testuser.
2026-05-24 06:45:47,032 - scheduler_agent - INFO - [Backend] Found 1 due messages to process.
2026-05-24 06:45:47,032 - scheduler_agent - INFO - [Backend] Attempting to send message 2 to @failuser (Retry: 0).
2026-05-24 06:45:47,033 - scheduler_agent - INFO - [Backend] Found 1 due messages to process.
2026-05-24 06:45:47,034 - scheduler_agent - INFO - [Backend] Attempting to send message 3 to @maxuser (Retry: 2).
2026-05-24 06:45:47,035 - scheduler_agent - INFO - [Backend] Scheduler started. Checking every 60 seconds.
2026-05-24 06:45:47,035 - scheduler_agent - INFO - [Backend] Scheduler shut down.
2026-05-24 06:47:47,434 - scheduler_agent - INFO - [Backend] Found 1 due messages to process.
2026-05-24 06:47:47,434 - scheduler_agent - INFO - [Backend] Attempting to send message 1 to @testuser (Retry: 0).
2026-05-24 06:47:47,434 - scheduler_agent - INFO - [Backend] Successfully sent message 1 to @testuser.
2026-05-24 06:47:47,436 - scheduler_agent - INFO - [Backend] Found 1 due messages to process.
2026-05-24 06:47:47,436 - scheduler_agent - INFO - [Backend] Attempting to send message 2 to @failuser (Retry: 0).
2026-05-24 06:47:47,438 - scheduler_agent - INFO - [Backend] Found 1 due messages to process.
2026-05-24 06:47:47,438 - scheduler_agent - INFO - [Backend] Attempting to send message 3 to @maxuser (Retry: 2).
2026-05-24 06:47:47,440 - scheduler_agent - INFO - [Backend] Scheduler started. Checking every 60 seconds.
2026-05-24 06:47:47,440 - scheduler_agent - INFO - [Backend] Scheduler shut down.
2026-05-24 06:47:47,444 - telegram_tool - INFO - Successfully sent message to test_user
2026-05-24 07:22:13,310 - telegram_tool - INFO - Successfully sent message to test_user
2026-05-24 07:23:26,802 - scheduler_agent - INFO - [Backend] Found 1 due messages to process.
2026-05-24 07:23:26,802 - scheduler_agent - INFO - [Backend] Attempting to send message 1 to @testuser (Retry: 0).
2026-05-24 07:23:26,802 - scheduler_agent - INFO - [Backend] Successfully sent message 1 to @testuser.
2026-05-24 07:23:26,803 - scheduler_agent - INFO - [Backend] Found 1 due messages to process.
2026-05-24 07:23:26,804 - scheduler_agent - INFO - [Backend] Attempting to send message 2 to @failuser (Retry: 0).
2026-05-24 07:23:26,805 - scheduler_agent - INFO - [Backend] Found 1 due messages to process.
2026-05-24 07:23:26,805 - scheduler_agent - INFO - [Backend] Attempting to send message 3 to @maxuser (Retry: 2).
2026-05-24 07:23:26,806 - scheduler_agent - INFO - [Backend] Scheduler started. Checking every 60 seconds.
2026-05-24 07:23:26,806 - scheduler_agent - INFO - [Backend] Scheduler shut down.
2026-05-24 07:23:26,809 - telegram_tool - INFO - Successfully sent message to test_user
2026-05-24 07:30:23,749 - main_cli - INFO - User input received: Tell Jisoo tomorrow at 9 AM that I finished the report
2026-05-24 07:30:23,750 - main_cli - INFO - Successfully scheduled message 123 for Jisoo
2026-05-24 07:30:23,751 - scheduler_agent - INFO - [Backend] Found 1 due messages to process.
2026-05-24 07:45:50,134 - main_cli - INFO - User input received: Tell Jisoo tomorrow at 9 AM that I finished the report
2026-05-24 07:45:50,134 - main_cli - INFO - Successfully scheduled message 123 for Jisoo
2026-05-24 07:45:50,135 - scheduler_agent - INFO - [Backend] Found 1 due messages to process.
2026-05-24 07:45:50,136 - scheduler_agent - INFO - [Backend] Attempting to send message 123 to Jisoo (Retry: 0).
