2026-05-24 06:11:15,232 - parsing_agent - ERROR - Parsing failed for input Something weird: Expecting value: line 1 column 1 (char 0)
Traceback (most recent call last):
  File "/mnt/hdd1/orchestor/lidev/orchast_agent/tiny-jarvis/product-repo/agents/parsing_agent.py", line 45, in parse_command
    data = json.loads(cleaned_response)
           ^^^^^^^^^^^^^^^^^^^^^^^^^^^^
  File "/home/orchestor/.local/share/uv/python/cpython-3.11.15-linux-x86_64-gnu/lib/python3.11/json/__init__.py", line 346, in loads
    return _default_decoder.decode(s)
           ^^^^^^^^^^^^^^^^^^^^^^^^^^
  File "/home/orchestor/.local/share/uv/python/cpython-3.11.15-linux-x86_64-gnu/lib/python3.11/json/decoder.py", line 337, in decode
    obj, end = self.raw_decode(s, idx=_w(s, 0).end())
               ^^^^^^^^^^^^^^^^^^^^^^^^^^^^^^^^^^^^^^
  File "/home/orchestor/.local/share/uv/python/cpython-3.11.15-linux-x86_64-gnu/lib/python3.11/json/decoder.py", line 355, in raw_decode
    raise JSONDecodeError("Expecting value", s, err.value) from None
json.decoder.JSONDecodeError: Expecting value: line 1 column 1 (char 0)
2026-05-24 06:11:15,249 - parsing_agent - ERROR - Parsing failed for input Send Hello to Bob: 2 validation errors for ParsedMessageCommand
target_type
  Input should be 'name', 'username' or 'phone' [type=literal_error, input_value='invalid_type', input_type=str]
    For further information visit https://errors.pydantic.dev/2.12/v/literal_error
confidence
  Input should be less than or equal to 1 [type=less_than_equal, input_value=1.5, input_type=float]
    For further information visit https://errors.pydantic.dev/2.12/v/less_than_equal
Traceback (most recent call last):
  File "/mnt/hdd1/orchestor/lidev/orchast_agent/tiny-jarvis/product-repo/agents/parsing_agent.py", line 46, in parse_command
    return ParsedMessageCommand(**data)
           ^^^^^^^^^^^^^^^^^^^^^^^^^^^^
  File "/mnt/hdd1/orchestor/lidev/orchast_agent/tiny-jarvis/.venv/lib/python3.11/site-packages/pydantic/main.py", line 250, in __init__
    validated_self = self.__pydantic_validator__.validate_python(data, self_instance=self)
                     ^^^^^^^^^^^^^^^^^^^^^^^^^^^^^^^^^^^^^^^^^^^^^^^^^^^^^^^^^^^^^^^^^^^^^
pydantic_core._pydantic_core.ValidationError: 2 validation errors for ParsedMessageCommand
target_type
  Input should be 'name', 'username' or 'phone' [type=literal_error, input_value='invalid_type', input_type=str]
    For further information visit https://errors.pydantic.dev/2.12/v/literal_error
confidence
  Input should be less than or equal to 1 [type=less_than_equal, input_value=1.5, input_type=float]
    For further information visit https://errors.pydantic.dev/2.12/v/less_than_equal
2026-05-24 06:11:15,292 - parsing_agent - ERROR - Parsing prompt file not found. Falling back to a basic prompt.
2026-05-24 06:11:15,299 - scheduler_agent - WARNING - [Backend] Message 2 failed. Retrying (1/2). Error: API Error
2026-05-24 06:11:15,301 - scheduler_agent - ERROR - [Backend] Message 3 failed permanently after 2 retries. Error: Persistent Error
